C51 COMPILER V9.57.0.0   CAR                                                               05/20/2021 22:26:45 PAGE 1   


C51 COMPILER V9.57.0.0, COMPILATION OF MODULE CAR
OBJECT MODULE PLACED IN .\Objects\CAR.obj
COMPILER INVOKED BY: E:\keil5\C51\BIN\C51.EXE CAR.c OPTIMIZE(8,SPEED) BROWSE INCDIR(.\delay;..\新建文件夹 (2)) DEBUG OBJ
                    -ECTEXTEND PRINT(.\Listings\CAR.lst) TABS(2) OBJECT(.\Objects\CAR.obj)

line level    source

   1          #include <STC15F2K60S2.h>
   2          #include <delay.h>
   3          #include <intrins.h>  
   4          #include "lcd.h"
   5          #include <string.h>
   6          sbit K1=P3^4;
   7          sbit K2=P3^5;
   8          sbit INPUT1=P0^4;
   9          sbit INPUT2=P0^5;
  10          sbit INPUT3=P0^6;
  11          sbit INPUT4=P0^7;
  12          sbit LED0=P0^0;
  13          sbit LED1=P0^1;
  14          sbit LED2=P0^2;
  15          sbit LED3=P0^3;
  16          sbit PWM1 = P1^0;
  17          sbit PWM2 = P1^1;
  18          sbit Trig = P3^6;
  19          sbit Echo = P3^7;
  20          unsigned char t;
  21          unsigned char num1;
  22          unsigned char CYCLE;
  23          unsigned char PWM_ON ;
  24          unsigned char ReceiveData;
  25          //chaoshengbo
  26          unsigned char PuZh[]=" Pechin Science ";
  27          unsigned char code ASCII[15] =    {'0','1','2','3','4','5','6','7','8','9','.','-','M'};
  28          
  29          static unsigned char DisNum = 0; //显示用指针         
  30                 unsigned int  time=0;
  31               unsigned long S=0;
  32               bit      flag =0;
  33               unsigned char disbuff[4]    ={ 0,0,0,0,};
  34          
  35          void UART_Init()
  36          {   
  37   1          //串口1 初始化
  38   1          SCON = 0x50;   
  39   1          AUXR &= 0xBE;  
  40   1          AUXR |= 0x00;    
  41   1          TMOD &= 0x0F; 
  42   1          TMOD |= 0x20;           
  43   1          TH1 = 0xfd;                 
  44   1          TL1 = 0xfd;                 
  45   1          TR1 = 1;                         //定时器1启动
  46   1          ES = 1;                         //开放串口中断
  47   1          EA = 1; 
  48   1       
  49   1                
  50   1                                 
  51   1      }
  52          
  53          
  54          void Conut(void)
C51 COMPILER V9.57.0.0   CAR                                                               05/20/2021 22:26:45 PAGE 2   

  55            
  56            {
  57   1         time=TH0*256+TL0;
  58   1         TH0=0;
  59   1         TL0=0;
  60   1        
  61   1         S=(time*1.7)/100;     //算出来是CM
  62   1         if((S>=700)||flag==1) //超出测量范围显示“-”
  63   1         {   
  64   2          flag=0;
  65   2         
  66   2          DisplayOneChar(0, 1, ASCII[11]);
  67   2          DisplayOneChar(1, 1, ASCII[10]);  //显示点
  68   2          DisplayOneChar(2, 1, ASCII[11]);
  69   2          DisplayOneChar(3, 1, ASCII[11]);
  70   2          DisplayOneChar(4, 1, ASCII[12]);  //显示M
  71   2         }
  72   1         else
  73   1         {
  74   2          disbuff[0]=S%1000/100;
  75   2          disbuff[1]=S%1000%100/10;
  76   2          disbuff[2]=S%1000%10 %10;
  77   2          DisplayOneChar(0, 1, ASCII[disbuff[0]]);
  78   2          DisplayOneChar(1, 1, ASCII[10]);  //显示点
  79   2          DisplayOneChar(2, 1, ASCII[disbuff[1]]);
  80   2          DisplayOneChar(3, 1, ASCII[disbuff[2]]);
  81   2          DisplayOneChar(4, 1, ASCII[12]);  //显示M
  82   2         }
  83   1        }
  84          
  85          
  86            void zd0() interrupt 1     //T0中断用来计数器溢出,超过测距范围
  87            {
  88   1          flag=1;              //中断溢出标志
  89   1        }
  90          
  91            
  92           void  StartModule()             //启动模块
  93            {
  94   1          Trig=1;                          //启动一次模块
  95   1          _nop_(); 
  96   1          _nop_(); 
  97   1          _nop_(); 
  98   1          _nop_(); 
  99   1          _nop_(); 
 100   1          _nop_(); 
 101   1          _nop_(); 
 102   1          _nop_(); 
 103   1          _nop_(); 
 104   1          _nop_(); 
 105   1          _nop_(); 
 106   1          _nop_(); 
 107   1          _nop_(); 
 108   1          _nop_(); 
 109   1          _nop_(); 
 110   1          _nop_(); 
 111   1          _nop_();
 112   1          _nop_(); 
 113   1          _nop_(); 
 114   1          _nop_(); 
 115   1          _nop_();
 116   1          Trig=0;
C51 COMPILER V9.57.0.0   CAR                                                               05/20/2021 22:26:45 PAGE 3   

 117   1        }
 118          //前进/
 119          void forward()
 120          {
 121   1            INPUT1=1;INPUT2=0;INPUT3=1;INPUT4=0;LED0=0;LED1=1;LED2=1;LED3=1;num1=1;t=0;
 122   1      }
 123          
 124          //后退/
 125          void back()
 126          {
 127   1        INPUT1=0;INPUT2=1;INPUT3=0;INPUT4=1;LED1=0;LED0=1;LED2=1;LED3=1;num1=0;t=0;
 128   1      }
 129          
 130          //左 
 131          void left()
 132          {
 133   1        INPUT1=1;INPUT2=0;INPUT3=0;INPUT4=0;num1=0;LED2=0;LED0=1;LED1=1;LED3=1;t=0;
 134   1          mDelay(2000);
 135   1                forward();
 136   1      }
 137          
 138          //右
 139          void right()
 140          {
 141   1        INPUT1=0;INPUT2=0;INPUT3=1;INPUT4=0;num1=0;LED3=0;LED0=1;LED1=1;LED2=1;t=0;
 142   1            mDelay(2000);
 143   1                forward();
 144   1        
 145   1      }
 146          //停
 147          void stop()
 148          {INPUT1=0;INPUT2=0;INPUT3=0;INPUT4=0;LED1=1;LED0=1;LED2=1;LED3=1;num1=0;t=0;}
 149          
 150          
 151          void delayms(unsigned int j)
 152          {
 153   1        uchar i=250;
 154   1        for(;j>0;j--)
 155   1        {
 156   2          while(--i);
 157   2          i=249;
 158   2          while(--i);
 159   2          i=250;
 160   2       
 161   2        }
 162   1      }
 163          void delay(unsigned int cnt)
 164          {
 165   1      while(--cnt);
 166   1      }
 167          
 168               
 169          
 170           void main(){
 171   1         
 172   1         bit Flag;
 173   1         TMOD=0X01;
 174   1         TH0=0;
 175   1         TL0=0;          
 176   1         ET0=1;             //允许T0中断
 177   1         EA=1;
 178   1       
C51 COMPILER V9.57.0.0   CAR                                                               05/20/2021 22:26:45 PAGE 4   

 179   1        UART_Init(); //串口初始化
 180   1        LcdInit();
 181   1        LcdShowStr(0,0,PuZh);
 182   1      
 183   1      while(1){
 184   2      
 185   2      
 186   2      
 187   2           StartModule();
 188   2             while(!Echo);    //当RX为零时等待
 189   2             TR0=1;         //开启计数
 190   2             while(Echo);     //当RX为1计数并等待
 191   2             TR0=0;       //关闭计数
 192   2               Conut();     //计算
 193   2           delayms(10);
 194   2        if(S<=80&&INPUT1==1&&INPUT3==1&&num1)
 195   2        { INPUT1=1;INPUT2=0;INPUT3=0;INPUT4=0;t=1;
 196   3          mDelay(1000);
 197   3             StartModule();
 198   3             while(!Echo);    //当RX为零时等待
 199   3             TR0=1;         //开启计数
 200   3             while(Echo);     //当RX为1计数并等待
 201   3             TR0=0;       //关闭计数
 202   3             Conut();     //计算
 203   3             delayms(10);
 204   3        }
 205   2      //  if(S<S1&&t==1)
 206   2      //  {
 207   2      //    INPUT1=0;INPUT2=0;INPUT3=1;INPUT4=0;FX=0;
 208   2      //    mDelay(4000);
 209   2      //  }
 210   2      //  if(S>S1&&t==1)
 211   2      //  {
 212   2      //    INPUT1=1;INPUT2=0;INPUT3=0;INPUT4=0;FX=1;
 213   2      //    mDelay(3200);
 214   2      //  }
 215   2        
 216   2        if(S>50&&t==1){
 217   3          forward();
 218   3          mDelay(2000);
 219   3          INPUT1=0;INPUT2=0;INPUT3=1;INPUT4=0;  
 220   3          mDelay(1500);
 221   3          forward();
 222   3          t=0;
 223   3          }
 224   2       }
 225   1      }
*** WARNING C280 IN LINE 172 OF CAR.c: 'Flag': unreferenced local variable
 226          
 227          void UART1_Routine()interrupt 4
 228          {
 229   1        
 230   1        
 231   1        EA = 0;
 232   1        
 233   1        if(RI == 1) 
 234   1        {     
 235   2          RI = 0;
 236   2          INPUT1=0;INPUT2=0;INPUT3=0;INPUT4=0;
 237   2          ReceiveData= SBUF;
 238   2            
 239   2          if(ReceiveData== '1')  
C51 COMPILER V9.57.0.0   CAR                                                               05/20/2021 22:26:45 PAGE 5   

 240   2          {
 241   3              forward();
 242   3          }
 243   2          
 244   2          else if(ReceiveData== '2')
 245   2          {
 246   3              back();
 247   3          }
 248   2          
 249   2          
 250   2            else if(ReceiveData== '3')
 251   2          {
 252   3            left();
 253   3          }
 254   2          
 255   2          
 256   2            else if(ReceiveData== '4')
 257   2          {
 258   3              right(); 
 259   3          }
 260   2          
 261   2          
 262   2          else if(ReceiveData== '0')
 263   2          {
 264   3              stop();
 265   3          }
 266   2          
 267   2          
 268   2      }
 269   1          
 270   1          
 271   1          EA = 1;
 272   1      
 273   1      }
 274          
 275          


MODULE INFORMATION:   STATIC OVERLAYABLE
   CODE SIZE        =    876    ----
   CONSTANT SIZE    =     15    ----
   XDATA SIZE       =   ----    ----
   PDATA SIZE       =   ----    ----
   DATA SIZE        =     33    ----
   IDATA SIZE       =   ----    ----
   BIT SIZE         =      1       1
END OF MODULE INFORMATION.


C51 COMPILATION COMPLETE.  1 WARNING(S),  0 ERROR(S)
