C51 COMPILER V9.57.0.0   DELAY                                                             05/16/2021 18:25:27 PAGE 1   


C51 COMPILER V9.57.0.0, COMPILATION OF MODULE DELAY
OBJECT MODULE PLACED IN .\Objects\delay.obj
COMPILER INVOKED BY: E:\keil5\C51\BIN\C51.EXE delay\delay.c OPTIMIZE(8,SPEED) BROWSE INCDIR(.\delay;..\新建文件夹 (2)) D
                    -EBUG OBJECTEXTEND PRINT(.\Listings\delay.lst) TABS(2) OBJECT(.\Objects\delay.obj)

line level    source

   1          #include <delay.h>
   2          void mDelay(unsigned int mdelay){
   3   1        
   4   1        unsigned int i;
   5   1        for(;mdelay>0;mdelay--)
   6   1        {
   7   2          for(i=0;i<54;i++);
   8   2        }
   9   1      }


MODULE INFORMATION:   STATIC OVERLAYABLE
   CODE SIZE        =     31    ----
   CONSTANT SIZE    =   ----    ----
   XDATA SIZE       =   ----    ----
   PDATA SIZE       =   ----    ----
   DATA SIZE        =   ----    ----
   IDATA SIZE       =   ----    ----
   BIT SIZE         =   ----    ----
END OF MODULE INFORMATION.


C51 COMPILATION COMPLETE.  0 WARNING(S),  0 ERROR(S)
