C51 COMPILER V9.57.0.0   LCD                                                               05/17/2021 12:14:34 PAGE 1   


C51 COMPILER V9.57.0.0, COMPILATION OF MODULE LCD
OBJECT MODULE PLACED IN .\Objects\lcd.obj
COMPILER INVOKED BY: E:\keil5\C51\BIN\C51.EXE lcd.c OPTIMIZE(8,SPEED) BROWSE INCDIR(.\delay;..\新建文件夹 (2)) DEBUG OBJ
                    -ECTEXTEND PRINT(.\Listings\lcd.lst) TABS(2) OBJECT(.\Objects\lcd.obj)

line level    source

   1          #include"lcd.h"
   2          
   3          /*******************************************************************************
   4          * 函 数 名         : Lcd1602_Delay1ms
   5          * 函数功能       : 延时函数，延时1ms
   6          * 输    入         : c
   7          * 输    出         : 无
   8          * 说    名         : 该函数是在12MHZ晶振下，12分频单片机的延时。
   9          *******************************************************************************/
  10          
  11          void Lcd1602_Delay1ms(uint j)   //误差 0us
  12          {
  13   1          uchar i=250;
  14   1        for(;j>0;j--)
  15   1        {
  16   2          while(--i);
  17   2          i=249;
  18   2          while(--i);
  19   2          i=250;
  20   2       
  21   2        }
  22   1            
  23   1      }
  24          
  25          /*******************************************************************************
  26          * 函 数 名         : LcdWriteCom
  27          * 函数功能       : 向LCD写入一个字节的命令
  28          * 输    入         : com
  29          * 输    出         : 无
  30          *******************************************************************************/
  31          #ifndef   LCD1602_4PINS  //当没有定义这个LCD1602_4PINS时
  32          void LcdWriteCom(uchar com)   //写入命令
  33          {
  34   1        LCD1602_E = 0;     //使能
  35   1        LCD1602_RS = 0;    //选择发送命令
  36   1        LCD1602_RW = 0;    //选择写入
  37   1        
  38   1        LCD1602_DATAPINS = com;     //放入命令
  39   1        Lcd1602_Delay1ms(100);    //等待数据稳定
  40   1      
  41   1        LCD1602_E = 1;            //写入时序
  42   1        Lcd1602_Delay1ms(100);    //保持时间
  43   1        LCD1602_E = 0;
  44   1      }
  45          #else 
              void LcdWriteCom(uchar com)   //写入命令
              {
                LCD1602_E = 0;   //使能清零
                LCD1602_RS = 0;  //选择写入命令
                LCD1602_RW = 0;  //选择写入
              
                LCD1602_DATAPINS = com; //由于4位的接线是接到P0口的高四位，所以传送高四位不用改
                Lcd1602_Delay1ms(100);
              
C51 COMPILER V9.57.0.0   LCD                                                               05/17/2021 12:14:34 PAGE 2   

                LCD1602_E = 1;   //写入时序
                Lcd1602_Delay1ms(100);
                LCD1602_E = 0;
              
              //  Lcd1602_Delay1ms(1);
                LCD1602_DATAPINS = com << 4; //发送低四位
                Lcd1602_Delay1ms(100);
              
                LCD1602_E = 1;   //写入时序
                Lcd1602_Delay1ms(100);
                LCD1602_E = 0;
              }
              #endif
  68          /*******************************************************************************
  69          * 函 数 名         : LcdWriteData
  70          * 函数功能       : 向LCD写入一个字节的数据
  71          * 输    入         : dat
  72          * 输    出         : 无
  73          *******************************************************************************/       
  74          #ifndef   LCD1602_4PINS      
  75          void LcdWriteData(uchar dat)      //写入数据
  76          {
  77   1        LCD1602_E = 0;  //使能清零
  78   1        LCD1602_RS = 1; //选择输入数据
  79   1        LCD1602_RW = 0; //选择写入
  80   1      
  81   1        LCD1602_DATAPINS = dat; //写入数据
  82   1        Lcd1602_Delay1ms(100);
  83   1      
  84   1        LCD1602_E = 1;   //写入时序
  85   1        Lcd1602_Delay1ms(100);   //保持时间
  86   1        LCD1602_E = 0;
  87   1      }
  88          #else
              void LcdWriteData(uchar dat)      //写入数据
              {
                LCD1602_E = 0;    //使能清零
                LCD1602_RS = 1;   //选择写入数据
                LCD1602_RW = 0;   //选择写入
              
                LCD1602_DATAPINS = dat; //由于4位的接线是接到P0口的高四位，所以传送高四位不用改
                Lcd1602_Delay1ms(100);
              
                LCD1602_E = 1;    //写入时序
                Lcd1602_Delay1ms(100);
                LCD1602_E = 0;
              
                LCD1602_DATAPINS = dat << 4; //写入低四位
                Lcd1602_Delay1ms(100);
              
                LCD1602_E = 1;    //写入时序
                Lcd1602_Delay1ms(100);
                LCD1602_E = 0;
              }
              #endif
 110          /*******************************************************************************
 111          * 函 数 名       : LcdInit()
 112          * 函数功能     : 初始化LCD屏
 113          * 输    入       : 无
 114          * 输    出       : 无
 115          *******************************************************************************/       
 116          #ifndef   LCD1602_4PINS
C51 COMPILER V9.57.0.0   LCD                                                               05/17/2021 12:14:34 PAGE 3   

 117          void LcdInit()              //LCD初始化子程序
 118          {
 119   1        LcdWriteCom(0x38);  //开显示
 120   1        LcdWriteCom(0x0c);  //开显示不显示光标
 121   1        LcdWriteCom(0x06);  //写一个指针加1
 122   1        LcdWriteCom(0x01);  //清屏
 123   1        LcdWriteCom(0x80);  //设置数据指针起点
 124   1      }
 125          #else
              void LcdInit()              //LCD初始化子程序
              {
                LcdWriteCom(0x32);   //将8位总线转为4位总线
                LcdWriteCom(0x28);   //在四位线下的初始化
                LcdWriteCom(0x0c);  //开显示不显示光标
                LcdWriteCom(0x06);  //写一个指针加1
                LcdWriteCom(0x01);  //清屏
                LcdWriteCom(0x80);  //设置数据指针起点
              }
              #endif
 136          
 137          
 138          
 139          
 140          void LcdSetCursor(unsigned char x,unsigned char y)  //坐标显示
 141          {
 142   1          unsigned char addr;
 143   1          if(y == 0)
 144   1              addr = 0x00 + x;
 145   1          else
 146   1              addr = 0x40 + x;
 147   1          
 148   1          LcdWriteCom(addr|0x80);
 149   1      }
 150          
 151          //按指定位置显示一个字符
 152          void DisplayOneChar(unsigned char X, unsigned char Y, unsigned char DData)
 153          {
 154   1        Y &= 0x1;
 155   1        X &= 0xF; //限制X不能大于15，Y不能大于1
 156   1        if (Y) X |= 0x40; //当要显示第二行时地址码+0x40;
 157   1        X |= 0x80; //算出指令码
 158   1        LcdWriteCom(X); //发命令字
 159   1        LcdWriteData(DData); //发数据
 160   1      }
 161          
 162          
 163          void LcdShowStr(unsigned char x,unsigned char y,unsigned char *str)     //显示字符串
 164          {
 165   1          LcdSetCursor(x,y);      //当前字符的坐标
 166   1          while(*str != '\0')
 167   1          {
 168   2              LcdWriteData(*str++);
 169   2          }
 170   1      }
 171          


MODULE INFORMATION:   STATIC OVERLAYABLE
   CODE SIZE        =    176    ----
   CONSTANT SIZE    =   ----    ----
   XDATA SIZE       =   ----    ----
   PDATA SIZE       =   ----    ----
C51 COMPILER V9.57.0.0   LCD                                                               05/17/2021 12:14:34 PAGE 4   

   DATA SIZE        =   ----       3
   IDATA SIZE       =   ----    ----
   BIT SIZE         =   ----    ----
END OF MODULE INFORMATION.


C51 COMPILATION COMPLETE.  0 WARNING(S),  0 ERROR(S)
